{
  "RSpec": {
    "coverage": {
      "/home/mint/quetzal/app/app.rb": [
        1,
        1,
        1,
        1,
        1,
        1,
        null,
        1,
        null,
        1,
        null,
        null,
        null,
        null,
        null,
        null,
        null,
        null,
        null,
        null,
        null,
        null,
        null,
        null,
        null,
        null,
        null,
        null,
        null,
        null,
        null,
        null,
        null,
        null,
        null,
        null,
        null,
        null,
        null,
        null,
        null,
        null,
        null,
        null,
        null,
        null,
        null,
        null,
        null,
        null,
        null,
        null,
        null,
        null,
        null,
        null,
        null,
        null,
        null,
        null,
        null,
        null,
        null,
        null,
        null
      ],
      "/home/mint/quetzal/app/models/alumno.rb": [
        1,
        1,
        null,
        1,
        1,
        1,
        1,
        1,
        null,
        null,
        1,
        1,
        1,
        1,
        1,
        1,
        null,
        1,
        10,
        null,
        null,
        1,
        12,
        6,
        5,
        null,
        null,
        null,
        1,
        3,
        3,
        2,
        null,
        null,
        1,
        2,
        null,
        null,
        null
      ],
      "/home/mint/quetzal/app/models/resumen.rb": [
        1,
        1,
        null,
        1,
        1,
        1,
        1,
        1,
        null,
        null,
        1,
        1,
        1,
        1,
        null,
        null,
        null
      ],
      "/home/mint/quetzal/app/controllers/alumnos.rb": [
        1,
        null,
        null,
        null,
        null,
        null,
        null,
        null,
        null,
        null,
        null,
        null,
        null,
        null,
        null,
        null,
        null,
        null,
        null,
        null,
        null,
        1,
        2,
        2,
        null,
        null,
        1,
        0,
        0,
        0,
        0,
        0,
        0,
        0,
        0,
        0,
        null,
        0,
        0,
        null,
        null,
        0,
        0,
        0,
        null,
        null,
        null,
        null
      ],
      "/home/mint/quetzal/app/controllers/inicio.rb": [
        1,
        null,
        1,
        1,
        null,
        null,
        null
      ],
      "/home/mint/quetzal/app/controllers/resumenes.rb": [
        1,
        null,
        null,
        1,
        0,
        0,
        null,
        null,
        null,
        1,
        0,
        0,
        null,
        null,
        1,
        2,
        2,
        null,
        null,
        1,
        0,
        0,
        0,
        null,
        0,
        0,
        0,
        0,
        0,
        null,
        0,
        0,
        null,
        null,
        null,
        null,
        null,
        null
      ],
      "/home/mint/quetzal/app/controllers/sesiones.rb": [
        1,
        null,
        1,
        2,
        2,
        null,
        null,
        1,
        0,
        0,
        0,
        0,
        0,
        0,
        0,
        null,
        0,
        0,
        null,
        null,
        null,
        1,
        0,
        0,
        null,
        null,
        null
      ],
      "/home/mint/quetzal/app/helpers/alumno_helper.rb": [
        null,
        null,
        1,
        null,
        null,
        null,
        null
      ],
      "/home/mint/quetzal/app/helpers/inicio_helper.rb": [
        null,
        null,
        1,
        null,
        null,
        null,
        null
      ],
      "/home/mint/quetzal/app/helpers/resumen_helper.rb": [
        null,
        null,
        1,
        null,
        null,
        null,
        null
      ],
      "/home/mint/quetzal/app/helpers/sesiones_helper.rb": [
        1,
        null,
        1,
        0,
        null,
        null,
        1,
        3,
        null,
        null,
        1,
        0,
        0,
        null,
        null,
        1,
        0,
        null,
        null,
        1,
        3,
        null,
        null,
        null
      ]
    },
    "timestamp": 1384193750
  },
  "Cucumber Features": {
    "coverage": {
      "/home/ruth/Escritorio/quetzal/app/controllers/alumnos.rb": [
        1,
        null,
        null,
        null,
        null,
        null,
        null,
        null,
        null,
        null,
        null,
        null,
        null,
        null,
        null,
        null,
        null,
        null,
        null,
        null,
        null,
        1,
        1,
        1,
        null,
        null,
        1,
        1,
        7,
        1,
        6,
        1,
        0,
        0,
        0,
        0,
        null,
        0,
        0,
        null,
        null,
        1,
        1,
        1,
        null,
        null,
        null,
        null
      ],
      "/home/ruth/Escritorio/quetzal/app/controllers/inicio.rb": [
        1,
        null,
        1,
        1,
        null,
        null,
        null
      ],
      "/home/ruth/Escritorio/quetzal/app/controllers/resumenes.rb": [
        1,
        null,
        null,
        1,
        0,
        0,
        null,
        null,
        null,
        1,
        0,
        0,
        null,
        null,
        1,
        1,
        1,
        null,
        null,
        1,
        1,
        1,
        1,
        null,
        1,
        1,
        1,
        1,
        1,
        null,
        0,
        0,
        null,
        null,
        null,
        null,
        null,
        null
      ],
      "/home/ruth/Escritorio/quetzal/app/controllers/sesiones.rb": [
        1,
        null,
        1,
        1,
        1,
        null,
        null,
        1,
        1,
        1,
        1,
        1,
        1,
        1,
        1,
        null,
        0,
        0,
        null,
        null,
        null,
        1,
        0,
        0,
        null,
        null,
        null
      ],
      "/home/ruth/Escritorio/quetzal/app/helpers/alumno_helper.rb": [
        null,
        null,
        1,
        null,
        null,
        null,
        null
      ],
      "/home/ruth/Escritorio/quetzal/app/helpers/inicio_helper.rb": [
        null,
        null,
        1,
        null,
        null,
        null,
        null
      ],
      "/home/ruth/Escritorio/quetzal/app/helpers/resumen_helper.rb": [
        null,
        null,
        1,
        null,
        null,
        null,
        null
      ],
      "/home/ruth/Escritorio/quetzal/app/helpers/sesiones_helper.rb": [
        1,
        null,
        1,
        0,
        null,
        null,
        1,
        18,
        null,
        null,
        1,
        0,
        0,
        null,
        null,
        1,
        0,
        null,
        null,
        1,
        18,
        null,
        null,
        null
      ]
    },
    "timestamp": 1384274623
  }
}
